2023-01-16 15:36:33,022 INFO src: Creating client instance for DynamoDB
2023-01-16 15:36:33,101 INFO src: Sending request to enable PITR
2023-01-16 15:36:34,299 INFO src: Sending successful response after enabling the PITR
2023-01-16 15:49:58,588 INFO src: Creating client instance for DynamoDB
2023-01-16 15:49:58,678 INFO src: Sending request to enable PITR
2023-01-16 15:52:23,081 INFO src: Creating client instance for DynamoDB
2023-01-16 15:52:23,086 INFO src: Sending request to enable PITR
2023-01-16 15:52:24,062 INFO src: Sending successful response after enabling the PITR
2023-02-03 17:12:59,264 INFO src: Creating client instance for updating PITR
2023-02-03 17:12:59,464 INFO src: Checking if PITR is enable or not
2023-02-03 17:13:29,289 INFO src: Creating client instance for updating PITR
2023-02-03 17:13:29,292 INFO src: Checking if PITR is enable or not
2023-02-03 17:13:30,255 INFO src: Sending request to enable PITR
2023-02-03 17:13:30,561 INFO src: Sending successful response after enabling the PITR
2023-02-03 17:46:31,478 INFO src: Creating client instance for listing all tables
2023-02-03 17:47:23,275 INFO src: Creating client instance for listing all tables
2023-02-07 12:39:57,286 INFO src: Creating client instance for listing all tables
2023-02-07 14:48:56,204 INFO src: Creating client instance for listing all exported files
2023-02-07 15:01:01,904 INFO src: Creating client instance for listing all exported files
2023-02-08 13:16:40,170 INFO src: Creating client instance for listing all tables
2023-02-08 13:16:49,495 INFO src: Creating client instance for listing all tables
2023-02-08 13:16:50,527 INFO src: Creating client instance for listing all tables
2023-02-08 13:19:43,865 INFO src: Creating client instance for listing all tables
2023-02-08 13:19:49,291 INFO src: Creating client instance for listing all tables
2023-02-08 13:19:51,093 INFO src: Creating client instance for listing all tables
2023-02-08 13:21:44,509 INFO src: Creating client instance for listing all tables
2023-02-08 13:21:47,647 INFO src: Creating client instance for listing all tables
2023-02-08 13:21:57,496 INFO src: Creating client instance for listing all tables
2023-02-08 13:21:59,496 INFO src: Creating client instance for listing all tables
2023-02-08 13:22:04,540 INFO src: Creating client instance for listing all tables
2023-02-08 13:22:06,244 INFO src: Creating client instance for listing all tables
2023-02-08 13:22:09,070 INFO src: Creating client instance for listing all tables
2023-02-08 13:22:17,468 INFO src: Creating client instance for listing all tables
2023-02-08 13:25:57,470 INFO src: Creating client instance for listing all tables
2023-02-08 14:06:05,793 INFO src: Creating client instance for listing all tables
2023-02-08 14:06:07,185 INFO src: Creating client instance for listing all tables
2023-02-08 14:08:07,642 INFO src: Creating client instance for listing all tables
2023-02-08 14:08:09,260 INFO src: Creating client instance for listing all tables
2023-02-08 14:08:36,501 INFO src: Creating client instance for listing all tables
2023-02-08 14:08:37,925 INFO src: Creating client instance for listing all tables
2023-02-08 14:08:41,133 INFO src: Creating client instance for listing all tables
2023-02-08 14:08:42,846 INFO src: Creating client instance for listing all tables
2023-02-08 14:09:00,012 INFO src: Creating client instance for listing all tables
2023-02-08 14:09:02,091 INFO src: Creating client instance for listing all tables
2023-02-08 15:24:32,878 INFO src: Creating client instance for listing all tables
2023-02-08 15:24:34,109 INFO src: Creating client instance for listing all tables
2023-02-08 15:24:58,291 INFO src: Creating client instance for listing all tables
2023-02-08 15:24:59,712 INFO src: Creating client instance for listing all tables
2023-02-08 15:25:05,525 INFO src: Creating client instance for listing all tables
2023-02-08 15:25:08,925 INFO src: Creating client instance for listing all tables
2023-02-08 15:27:47,082 INFO src: Creating client instance for listing all tables
2023-02-08 15:28:06,432 INFO src: Creating client instance for listing all tables
2023-02-08 15:28:08,419 INFO src: Creating client instance for listing all tables
2023-02-08 15:28:09,817 INFO src: Creating client instance for listing all tables
2023-02-08 15:28:28,132 INFO src: Creating client instance for listing all tables
2023-02-08 15:28:29,620 INFO src: Creating client instance for listing all tables
2023-02-08 15:28:33,730 INFO src: Creating client instance for listing all tables
2023-02-08 15:28:41,406 INFO src: Creating client instance for listing all tables
2023-02-08 15:28:48,210 INFO src: Creating client instance for listing all tables
2023-02-08 15:28:52,338 INFO src: Creating client instance for listing all tables
2023-02-08 15:28:55,402 INFO src: Creating client instance for listing all tables
2023-02-08 15:28:56,907 INFO src: Creating client instance for listing all tables
2023-02-08 15:28:59,148 INFO src: Creating client instance for listing all tables
2023-02-08 15:29:02,251 INFO src: Creating client instance for listing all tables
2023-02-08 15:29:04,022 INFO src: Creating client instance for listing all tables
2023-02-08 15:29:11,587 INFO src: Creating client instance for listing all tables
2023-02-08 15:29:12,629 INFO src: Creating client instance for listing all tables
2023-02-08 15:30:12,142 INFO src: Creating client instance for listing all tables
2023-02-08 15:30:13,145 INFO src: Creating client instance for listing all tables
2023-02-08 15:30:27,442 INFO src: Creating client instance for listing all tables
2023-02-08 15:30:28,518 INFO src: Creating client instance for listing all tables
2023-02-08 15:30:35,534 INFO src: Creating client instance for listing all tables
2023-02-08 15:30:37,016 INFO src: Creating client instance for listing all tables
2023-02-08 15:31:02,206 INFO src: Creating client instance for listing all tables
2023-02-08 15:31:18,015 INFO src: Creating client instance for listing all tables
2023-02-08 15:31:20,045 INFO src: Creating client instance for listing all tables
2023-02-08 15:31:26,062 INFO src: Creating client instance for listing all tables
2023-02-08 15:31:27,444 INFO src: Creating client instance for listing all tables
2023-02-08 15:31:30,099 INFO src: Creating client instance for listing all tables
2023-02-08 15:31:34,428 INFO src: Creating client instance for listing all tables
2023-02-08 15:33:00,980 INFO src: Creating client instance for listing all tables
2023-02-08 15:42:49,467 INFO src: Creating client instance for listing all tables
2023-02-08 15:44:50,021 INFO src: Creating client instance for listing all tables
2023-02-08 15:44:51,136 INFO src: Creating client instance for listing all tables
2023-02-08 15:45:04,383 INFO src: Creating client instance for listing all tables
2023-02-08 15:45:05,874 INFO src: Creating client instance for listing all tables
2023-02-08 15:46:18,606 INFO src: Creating client instance for listing all tables
2023-02-08 15:46:21,204 INFO src: Creating client instance for listing all tables
2023-02-08 15:46:23,167 INFO src: Creating client instance for listing all tables
2023-02-08 15:46:24,170 INFO src: Creating client instance for listing all tables
2023-02-08 15:46:29,912 INFO src: Creating client instance for listing all tables
2023-02-08 15:46:31,049 INFO src: Creating client instance for listing all tables
2023-02-08 15:47:07,097 INFO src: Creating client instance for listing all tables
2023-02-08 15:47:08,108 INFO src: Creating client instance for listing all tables
2023-02-08 15:47:52,206 INFO src: Creating client instance for listing all tables
2023-02-08 15:47:53,624 INFO src: Creating client instance for listing all tables
2023-02-08 15:47:54,634 INFO src: Creating client instance for listing all tables
2023-02-08 15:47:55,879 INFO src: Creating client instance for listing all tables
2023-02-08 16:03:09,451 INFO src: Creating client instance for listing all tables
2023-02-08 16:03:11,450 INFO src: Creating client instance for listing all tables
2023-02-08 16:03:13,451 INFO src: Creating client instance for listing all tables
2023-02-08 16:03:16,452 INFO src: Creating client instance for listing all tables
2023-02-08 16:35:26,156 INFO src: Creating client instance for listing all tables
2023-02-08 16:35:27,204 INFO src: Creating client instance for listing all tables
2023-02-08 16:36:19,769 INFO src: Creating client instance for listing all tables
2023-02-08 16:36:21,172 INFO src: Creating client instance for listing all tables
2023-02-08 16:36:23,782 INFO src: Creating client instance for listing all tables
2023-02-08 16:36:34,270 INFO src: Creating client instance for listing all tables
2023-02-08 16:36:38,870 INFO src: Creating client instance for listing all tables
2023-02-08 16:37:11,820 INFO src: Creating client instance for listing all tables
2023-02-08 16:37:15,016 INFO src: Creating client instance for listing all tables
2023-02-08 16:37:26,356 INFO src: Creating client instance for listing all tables
2023-02-08 16:37:27,469 INFO src: Creating client instance for listing all tables
2023-02-08 16:37:28,688 INFO src: Creating client instance for listing all tables
2023-02-08 16:37:30,415 INFO src: Creating client instance for listing all tables
2023-02-08 16:37:32,031 INFO src: Creating client instance for listing all tables
2023-02-08 16:37:40,720 INFO src: Creating client instance for listing all tables
2023-02-08 16:38:02,009 INFO src: Creating client instance for listing all tables
2023-02-08 16:38:05,491 INFO src: Creating client instance for listing all tables
2023-02-08 16:38:06,664 INFO src: Creating client instance for listing all tables
2023-02-08 16:38:08,225 INFO src: Creating client instance for listing all tables
2023-02-08 16:38:35,390 INFO src: Creating client instance for listing all tables
2023-02-08 16:38:37,502 INFO src: Creating client instance for listing all tables
2023-02-08 16:38:43,695 INFO src: Creating client instance for listing all tables
2023-02-08 16:38:44,926 INFO src: Creating client instance for listing all tables
2023-02-08 16:38:54,598 INFO src: Creating client instance for listing all tables
2023-02-08 16:38:55,926 INFO src: Creating client instance for listing all tables
2023-02-08 16:39:14,916 INFO src: Creating client instance for listing all tables
2023-02-08 16:39:20,401 INFO src: Creating client instance for listing all tables
2023-02-08 16:39:21,660 INFO src: Creating client instance for listing all tables
2023-02-08 16:39:28,871 INFO src: Creating client instance for listing all tables
2023-02-08 16:39:30,240 INFO src: Creating client instance for listing all tables
2023-02-08 16:40:13,042 INFO src: Creating client instance for listing all tables
2023-02-08 16:40:29,773 INFO src: Creating client instance for listing all tables
2023-02-08 16:40:33,625 INFO src: Creating client instance for listing all tables
2023-02-08 16:41:45,034 INFO src: Creating client instance for listing all tables
2023-02-08 16:41:46,034 INFO src: Creating client instance for listing all tables
2023-02-08 16:42:28,037 INFO src: Creating client instance for listing all tables
2023-02-08 16:43:18,032 INFO src: Creating client instance for listing all tables
2023-02-08 16:43:45,031 INFO src: Creating client instance for listing all tables
2023-02-08 16:43:48,031 INFO src: Creating client instance for listing all tables
2023-02-08 16:47:59,031 INFO src: Creating client instance for listing all tables
2023-02-08 16:48:03,046 INFO src: Creating client instance for listing all tables
2023-02-08 16:48:21,033 INFO src: Creating client instance for listing all tables
2023-02-08 16:48:23,046 INFO src: Creating client instance for listing all tables
2023-02-08 16:48:27,052 INFO src: Creating client instance for listing all tables
2023-02-08 16:48:32,035 INFO src: Creating client instance for listing all tables
2023-02-08 16:48:43,031 INFO src: Creating client instance for listing all tables
2023-02-08 16:48:44,724 INFO src: Creating client instance for listing all tables
2023-02-08 16:48:50,034 INFO src: Creating client instance for listing all tables
2023-02-08 16:48:53,032 INFO src: Creating client instance for listing all tables
2023-02-08 16:48:55,043 INFO src: Creating client instance for listing all tables
2023-02-08 16:48:59,053 INFO src: Creating client instance for listing all tables
2023-02-08 16:49:05,033 INFO src: Creating client instance for listing all tables
2023-02-08 16:49:18,034 INFO src: Creating client instance for listing all tables
2023-02-08 16:49:20,302 INFO src: Creating client instance for listing all tables
2023-02-08 16:49:22,044 INFO src: Creating client instance for listing all tables
2023-02-08 16:49:45,033 INFO src: Creating client instance for listing all tables
2023-02-08 16:49:48,040 INFO src: Creating client instance for listing all tables
2023-02-08 16:49:50,036 INFO src: Creating client instance for listing all tables
2023-02-08 16:50:23,033 INFO src: Creating client instance for listing all tables
2023-02-08 16:50:29,038 INFO src: Creating client instance for listing all tables
2023-02-08 16:50:34,032 INFO src: Creating client instance for listing all tables
2023-02-08 16:50:43,039 INFO src: Creating client instance for listing all tables
2023-02-08 16:50:49,039 INFO src: Creating client instance for listing all tables
2023-02-08 16:50:53,032 INFO src: Creating client instance for listing all tables
2023-02-08 16:50:58,039 INFO src: Creating client instance for listing all tables
2023-02-08 16:51:00,031 INFO src: Creating client instance for listing all tables
2023-02-08 16:51:02,031 INFO src: Creating client instance for listing all tables
2023-02-08 16:51:04,042 INFO src: Creating client instance for listing all tables
2023-02-08 16:51:06,031 INFO src: Creating client instance for listing all tables
2023-02-08 16:51:26,033 INFO src: Creating client instance for listing all tables
2023-02-08 16:51:30,041 INFO src: Creating client instance for listing all tables
2023-02-08 16:51:33,038 INFO src: Creating client instance for listing all tables
2023-02-08 16:51:55,031 INFO src: Creating client instance for listing all tables
2023-02-08 16:52:05,039 INFO src: Creating client instance for listing all tables
2023-02-08 16:52:19,054 INFO src: Creating client instance for listing all tables
2023-02-08 16:52:21,974 INFO src: Creating client instance for listing all tables
2023-02-08 16:54:21,850 INFO src: Creating client instance for listing all tables
2023-02-08 16:54:27,200 INFO src: Creating client instance for listing all tables
2023-02-08 16:54:31,063 INFO src: Creating client instance for listing all tables
2023-02-08 16:54:45,112 INFO src: Creating client instance for listing all tables
2023-02-08 16:54:46,390 INFO src: Creating client instance for listing all tables
2023-02-08 16:56:03,290 INFO src: Creating client instance for listing all tables
2023-02-08 16:56:06,352 INFO src: Creating client instance for listing all tables
2023-02-08 16:56:47,427 INFO src: Creating client instance for listing all tables
2023-02-08 16:56:49,218 INFO src: Creating client instance for listing all tables
2023-02-08 17:00:09,107 INFO src: Creating client instance for listing all tables
2023-02-08 17:00:18,408 INFO src: Creating client instance for listing all tables
2023-02-08 17:00:19,492 INFO src: Creating client instance for listing all tables
2023-02-08 17:03:28,306 INFO src: Creating client instance for listing all tables
2023-02-08 17:03:32,600 INFO src: Creating client instance for listing all tables
2023-02-08 17:03:35,296 INFO src: Creating client instance for listing all tables
2023-02-08 17:03:36,777 INFO src: Creating client instance for listing all tables
2023-02-08 17:03:56,954 INFO src: Creating client instance for listing all tables
2023-02-08 17:04:02,600 INFO src: Creating client instance for listing all tables
2023-02-08 17:04:05,404 INFO src: Creating client instance for listing all tables
2023-02-08 17:04:06,486 INFO src: Creating client instance for listing all tables
2023-02-08 17:04:17,280 INFO src: Creating client instance for listing all tables
2023-02-08 17:04:23,361 INFO src: Creating client instance for listing all tables
2023-02-08 17:04:24,539 INFO src: Creating client instance for listing all tables
2023-02-08 17:08:25,707 INFO src: Creating client instance for listing all tables
2023-02-08 17:08:26,780 INFO src: Creating client instance for listing all tables
2023-02-08 17:08:45,321 INFO src: Creating client instance for listing all tables
2023-02-08 17:08:46,406 INFO src: Creating client instance for listing all tables
2023-02-08 17:08:49,442 INFO src: Creating client instance for listing all tables
2023-02-08 17:09:09,088 INFO src: Creating client instance for listing all tables
2023-02-08 17:09:11,721 INFO src: Creating client instance for listing all tables
2023-02-08 17:09:42,435 INFO src: Creating client instance for listing all tables
2023-02-08 17:10:12,475 INFO src: Creating client instance for listing all tables
2023-02-08 17:10:16,208 INFO src: Creating client instance for listing all tables
2023-02-08 17:10:18,047 INFO src: Creating client instance for listing all tables
2023-02-08 17:10:21,136 INFO src: Creating client instance for listing all tables
2023-02-08 17:10:22,923 INFO src: Creating client instance for listing all tables
2023-02-08 17:10:25,784 INFO src: Creating client instance for listing all tables
2023-02-08 17:10:36,789 INFO src: Creating client instance for listing all tables
2023-02-08 17:10:39,962 INFO src: Creating client instance for listing all tables
2023-02-08 17:10:43,059 INFO src: Creating client instance for listing all tables
2023-02-08 17:10:54,803 INFO src: Creating client instance for listing all tables
2023-02-08 17:10:55,842 INFO src: Creating client instance for listing all tables
2023-02-08 17:11:09,840 INFO src: Creating client instance for listing all tables
2023-02-08 17:11:21,364 INFO src: Creating client instance for listing all tables
2023-02-08 17:11:32,377 INFO src: Creating client instance for listing all tables
2023-02-08 17:11:35,585 INFO src: Creating client instance for listing all tables
2023-02-08 17:11:39,136 INFO src: Creating client instance for listing all tables
2023-02-08 17:11:40,560 INFO src: Creating client instance for listing all tables
2023-02-08 17:11:42,959 INFO src: Creating client instance for listing all tables
2023-02-08 17:11:46,407 INFO src: Creating client instance for listing all tables
2023-02-08 17:11:48,834 INFO src: Creating client instance for listing all tables
2023-02-08 17:11:50,840 INFO src: Creating client instance for listing all tables
2023-02-08 17:11:52,432 INFO src: Creating client instance for listing all tables
2023-02-08 17:11:53,590 INFO src: Creating client instance for listing all tables
2023-02-08 17:11:58,696 INFO src: Creating client instance for listing all tables
2023-02-08 17:12:01,690 INFO src: Creating client instance for listing all tables
2023-02-08 17:12:03,613 INFO src: Creating client instance for listing all tables
2023-02-08 17:12:04,967 INFO src: Creating client instance for listing all tables
2023-02-08 17:12:07,999 INFO src: Creating client instance for listing all tables
2023-02-08 17:12:14,777 INFO src: Creating client instance for listing all tables
2023-02-08 17:12:17,004 INFO src: Creating client instance for listing all tables
2023-02-08 17:12:20,144 INFO src: Creating client instance for listing all tables
2023-02-08 17:12:24,162 INFO src: Creating client instance for listing all tables
2023-02-08 17:12:28,152 INFO src: Creating client instance for listing all tables
2023-02-08 17:12:45,696 INFO src: Creating client instance for listing all tables
2023-02-08 17:12:57,465 INFO src: Creating client instance for listing all tables
2023-02-08 17:13:01,632 INFO src: Creating client instance for listing all tables
2023-02-08 17:13:07,048 INFO src: Creating client instance for listing all tables
2023-02-08 17:13:11,149 INFO src: Creating client instance for listing all tables
2023-02-08 17:13:15,312 INFO src: Creating client instance for listing all tables
2023-02-08 17:13:16,951 INFO src: Creating client instance for listing all tables
2023-02-08 17:13:20,362 INFO src: Creating client instance for listing all tables
2023-02-08 17:13:24,633 INFO src: Creating client instance for listing all tables
2023-02-08 17:13:26,882 INFO src: Creating client instance for listing all tables
2023-02-08 17:13:28,065 INFO src: Creating client instance for listing all tables
2023-02-08 17:13:29,271 INFO src: Creating client instance for listing all tables
2023-02-08 17:13:38,085 INFO src: Creating client instance for listing all tables
2023-02-08 17:13:39,165 INFO src: Creating client instance for listing all tables
2023-02-08 17:15:28,661 INFO src: Creating client instance for listing all tables
2023-02-08 17:15:29,938 INFO src: Creating client instance for listing all tables
2023-02-08 17:16:06,995 INFO src: Creating client instance for listing all tables
2023-02-08 17:16:08,089 INFO src: Creating client instance for listing all tables
2023-02-08 17:16:27,264 INFO src: Creating client instance for listing all tables
2023-02-08 17:16:28,739 INFO src: Creating client instance for listing all tables
2023-02-08 17:17:10,163 INFO src: Creating client instance for listing all tables
2023-02-08 17:17:11,345 INFO src: Creating client instance for listing all tables
2023-02-08 17:17:16,559 INFO src: Creating client instance for listing all tables
2023-02-08 17:17:20,291 INFO src: Creating client instance for listing all tables
2023-02-08 17:17:23,106 INFO src: Creating client instance for listing all tables
2023-02-08 17:18:01,530 INFO src: Creating client instance for listing all tables
2023-02-08 17:18:27,876 INFO src: Creating client instance for listing all tables
2023-02-08 17:18:31,286 INFO src: Creating client instance for listing all tables
2023-02-08 17:18:32,823 INFO src: Creating client instance for listing all tables
2023-02-08 17:18:40,030 INFO src: Creating client instance for listing all tables
2023-02-08 17:19:33,035 INFO src: Creating client instance for listing all tables
2023-02-08 17:19:48,816 INFO src: Creating client instance for listing all tables
2023-02-08 17:19:49,828 INFO src: Creating client instance for listing all tables
2023-02-08 17:20:17,665 INFO src: Creating client instance for listing all tables
2023-02-08 17:20:18,760 INFO src: Creating client instance for listing all tables
2023-02-08 17:20:47,942 INFO src: Creating client instance for listing all tables
2023-02-08 17:20:52,204 INFO src: Creating client instance for listing all tables
2023-02-08 17:20:54,962 INFO src: Creating client instance for listing all tables
2023-02-08 17:20:56,745 INFO src: Creating client instance for listing all tables
2023-02-08 17:21:08,478 INFO src: Creating client instance for listing all tables
2023-02-08 17:21:09,594 INFO src: Creating client instance for listing all tables
2023-02-08 17:21:16,085 INFO src: Creating client instance for listing all tables
2023-02-08 17:21:22,040 INFO src: Creating client instance for listing all tables
2023-02-08 17:21:26,033 INFO src: Creating client instance for listing all tables
2023-02-08 17:21:27,201 INFO src: Creating client instance for listing all tables
2023-02-08 17:21:33,818 INFO src: Creating client instance for listing all tables
2023-02-08 17:21:34,878 INFO src: Creating client instance for listing all tables
2023-02-08 17:21:45,193 INFO src: Creating client instance for listing all tables
2023-02-08 17:21:46,281 INFO src: Creating client instance for listing all tables
2023-02-08 17:22:42,438 INFO src: Creating client instance for listing all tables
2023-02-08 17:22:43,507 INFO src: Creating client instance for listing all tables
2023-02-08 17:22:48,404 INFO src: Creating client instance for listing all tables
2023-02-08 17:22:49,673 INFO src: Creating client instance for listing all tables
2023-02-08 17:22:57,334 INFO src: Creating client instance for listing all tables
2023-02-08 17:22:58,428 INFO src: Creating client instance for listing all tables
2023-02-08 17:24:10,980 INFO src: Creating client instance for listing all tables
2023-02-08 17:24:12,082 INFO src: Creating client instance for listing all tables
2023-02-08 17:25:34,529 INFO src: Creating client instance for listing all tables
2023-02-08 17:25:35,551 INFO src: Creating client instance for listing all tables
2023-02-08 17:25:36,714 INFO src: Creating client instance for listing all tables
2023-02-08 17:25:37,760 INFO src: Creating client instance for listing all tables
2023-02-08 17:26:20,496 INFO src: Creating client instance for listing all tables
2023-02-08 17:26:21,964 INFO src: Creating client instance for listing all tables
2023-02-08 17:26:23,051 INFO src: Creating client instance for listing all tables
2023-02-08 17:26:36,969 INFO src: Creating client instance for listing all tables
2023-02-08 17:26:52,166 INFO src: Creating client instance for listing all tables
2023-02-08 17:26:57,202 INFO src: Creating client instance for listing all tables
2023-02-08 17:27:00,882 INFO src: Creating client instance for listing all tables
2023-02-08 17:27:05,855 INFO src: Creating client instance for listing all tables
2023-02-08 17:27:06,908 INFO src: Creating client instance for listing all tables
2023-02-08 17:28:19,904 INFO src: Creating client instance for listing all tables
2023-02-08 17:28:25,288 INFO src: Creating client instance for listing all tables
2023-02-08 17:28:38,321 INFO src: Creating client instance for listing all tables
2023-02-08 17:28:40,941 INFO src: Creating client instance for listing all tables
2023-02-08 17:28:48,667 INFO src: Creating client instance for listing all tables
2023-02-08 17:29:09,475 INFO src: Creating client instance for listing all tables
2023-02-08 17:29:14,061 INFO src: Creating client instance for listing all tables
2023-02-08 17:29:15,054 INFO src: Creating client instance for listing all tables
2023-02-08 17:33:50,831 INFO src: Creating client instance for listing all tables
2023-02-08 17:33:52,634 INFO src: Creating client instance for listing all tables
2023-02-08 17:33:55,954 INFO src: Creating client instance for listing all tables
2023-02-08 17:33:58,562 INFO src: Creating client instance for listing all tables
2023-02-08 17:34:05,154 INFO src: Creating client instance for listing all tables
2023-02-08 17:34:10,513 INFO src: Creating client instance for listing all tables
2023-02-08 17:34:11,530 INFO src: Creating client instance for listing all tables
2023-02-08 17:34:40,638 INFO src: Creating client instance for listing all tables
2023-02-08 17:34:49,320 INFO src: Creating client instance for listing all tables
2023-02-08 17:34:50,379 INFO src: Creating client instance for listing all tables
2023-02-08 17:35:04,309 INFO src: Creating client instance for listing all tables
2023-02-08 17:36:31,802 INFO src: Creating client instance for listing all tables
2023-02-08 17:36:32,931 INFO src: Creating client instance for listing all tables
2023-02-08 17:36:34,837 INFO src: Creating client instance for listing all tables
2023-02-08 17:36:36,415 INFO src: Creating client instance for listing all tables
2023-02-08 17:41:06,807 INFO src: Creating client instance for listing all tables
2023-02-08 17:41:09,205 INFO src: Creating client instance for listing all tables
2023-02-08 17:41:11,408 INFO src: Creating client instance for listing all tables
2023-02-08 17:41:13,105 INFO src: Creating client instance for listing all tables
2023-02-08 17:42:25,708 INFO src: Creating client instance for listing all tables
2023-02-08 17:42:27,120 INFO src: Creating client instance for listing all tables
2023-02-08 17:42:29,345 INFO src: Creating client instance for listing all tables
2023-02-08 17:42:45,515 INFO src: Creating client instance for listing all tables
2023-02-08 17:42:47,333 INFO src: Creating client instance for listing all tables
2023-02-08 17:43:03,389 INFO src: Creating client instance for listing all tables
2023-02-08 17:43:06,401 INFO src: Creating client instance for listing all tables
2023-02-08 17:43:10,557 INFO src: Creating client instance for listing all tables
2023-02-08 17:43:11,781 INFO src: Creating client instance for listing all tables
2023-02-08 17:43:19,401 INFO src: Creating client instance for listing all tables
2023-02-08 17:43:20,903 INFO src: Creating client instance for listing all tables
2023-02-08 17:44:34,795 INFO src: Creating client instance for listing all tables
2023-02-08 17:44:38,138 INFO src: Creating client instance for listing all tables
2023-02-08 17:46:08,031 INFO src: Creating client instance for listing all tables
2023-02-08 17:46:09,561 INFO src: Creating client instance for listing all tables
2023-02-08 17:47:20,953 INFO src: Creating client instance for listing all tables
2023-02-08 17:47:22,415 INFO src: Creating client instance for listing all tables
2023-02-08 17:47:27,987 INFO src: Creating client instance for listing all tables
2023-02-08 17:47:29,090 INFO src: Creating client instance for listing all tables
2023-02-09 11:22:38,802 INFO src: Creating client instance for listing all tables
2023-02-09 11:22:40,222 INFO src: Creating client instance for listing all tables
2023-02-09 11:22:47,633 INFO src: Creating client instance for listing all tables
2023-02-09 11:22:48,816 INFO src: Creating client instance for listing all tables
2023-02-09 11:23:36,653 INFO src: Creating client instance for listing all tables
2023-02-09 11:23:37,858 INFO src: Creating client instance for listing all tables
2023-02-09 11:25:24,235 INFO src: Creating client instance for listing all tables
2023-02-09 12:10:31,568 INFO src: Creating client instance for listing all tables
2023-02-09 12:10:33,999 INFO src: Creating client instance for listing all tables
2023-02-09 12:10:50,501 INFO src: Creating client instance for listing all tables
2023-02-09 12:10:55,295 INFO src: Creating client instance for listing all tables
2023-02-09 12:11:07,180 INFO src: Creating client instance for listing all tables
2023-02-09 12:11:08,653 INFO src: Creating client instance for listing all tables
2023-02-09 12:11:26,934 INFO src: Creating client instance for listing all tables
2023-02-09 12:12:28,175 INFO src: Creating client instance for listing all tables
2023-02-09 12:12:40,016 INFO src: Creating client instance for listing all tables
2023-02-09 12:12:41,931 INFO src: Creating client instance for listing all tables
2023-02-09 12:12:47,789 INFO src: Creating client instance for listing all tables
2023-02-09 12:12:52,736 INFO src: Creating client instance for listing all tables
2023-02-09 12:12:55,646 INFO src: Creating client instance for listing all tables
2023-02-09 12:12:57,507 INFO src: Creating client instance for listing all tables
2023-02-09 12:13:12,080 INFO src: Creating client instance for listing all tables
2023-02-09 12:13:22,923 INFO src: Creating client instance for listing all tables
2023-02-09 12:14:13,137 INFO src: Creating client instance for listing all tables
2023-02-09 12:14:14,605 INFO src: Creating client instance for listing all tables
2023-02-09 12:14:21,615 INFO src: Creating client instance for listing all tables
2023-02-09 12:14:32,775 INFO src: Creating client instance for listing all tables
2023-02-09 12:14:34,692 INFO src: Creating client instance for listing all tables
2023-02-09 12:14:38,951 INFO src: Creating client instance for listing all tables
2023-02-09 12:14:40,196 INFO src: Creating client instance for listing all tables
2023-02-09 12:15:04,878 INFO src: Creating client instance for listing all tables
2023-02-09 12:15:07,259 INFO src: Creating client instance for listing all tables
2023-02-09 12:15:11,987 INFO src: Creating client instance for listing all tables
2023-02-09 12:15:13,368 INFO src: Creating client instance for listing all tables
2023-02-09 12:16:08,339 INFO src: Creating client instance for listing all tables
2023-02-09 12:16:09,713 INFO src: Creating client instance for listing all tables
2023-02-09 12:16:11,316 INFO src: Creating client instance for listing all tables
2023-02-09 12:16:32,772 INFO src: Creating client instance for listing all tables
2023-02-09 12:16:34,296 INFO src: Creating client instance for listing all tables
2023-02-09 12:16:38,875 INFO src: Creating client instance for listing all tables
2023-02-09 12:16:41,694 INFO src: Creating client instance for listing all tables
2023-02-09 12:16:48,083 INFO src: Creating client instance for listing all tables
2023-02-09 12:16:50,298 INFO src: Creating client instance for listing all tables
2023-02-09 12:16:55,043 INFO src: Creating client instance for listing all tables
2023-02-09 12:17:07,422 INFO src: Creating client instance for listing all tables
2023-02-09 12:17:09,548 INFO src: Creating client instance for listing all tables
2023-02-09 12:17:11,527 INFO src: Creating client instance for listing all tables
2023-02-09 12:17:14,252 INFO src: Creating client instance for listing all tables
2023-02-09 12:17:26,545 INFO src: Creating client instance for listing all tables
2023-02-09 12:17:27,755 INFO src: Creating client instance for listing all tables
2023-02-09 12:17:34,630 INFO src: Creating client instance for updating PITR
2023-02-09 12:17:34,635 INFO src: Checking if PITR is enable or not
2023-02-09 12:17:35,957 INFO src: Sending request to enable PITR
2023-02-09 12:22:15,889 INFO src: Creating client instance for listing all tables
2023-02-09 12:22:17,373 INFO src: Creating client instance for listing all tables
2023-02-09 12:22:23,661 INFO src: Creating client instance for updating PITR
2023-02-09 12:22:23,679 INFO src: Checking if PITR is enable or not
2023-02-09 12:23:32,413 INFO src: Creating client instance for listing all tables
2023-02-09 12:24:53,987 INFO src: Creating client instance for listing all tables
2023-02-09 12:26:08,145 INFO src: Creating client instance for listing all tables
2023-02-09 12:26:09,412 INFO src: Creating client instance for listing all tables
2023-02-09 12:26:24,867 INFO src: Creating client instance for listing all tables
2023-02-09 12:26:26,980 INFO src: Creating client instance for listing all tables
2023-02-09 12:26:28,492 INFO src: Creating client instance for listing all tables
2023-02-09 12:26:29,924 INFO src: Creating client instance for listing all tables
2023-02-09 12:26:33,853 INFO src: Creating client instance for listing all tables
2023-02-09 12:29:25,276 INFO src: Creating client instance for listing all tables
2023-02-09 12:29:26,521 INFO src: Creating client instance for listing all tables
2023-02-09 12:29:37,206 INFO src: Creating client instance for listing all tables
2023-02-09 12:29:56,202 INFO src: Creating client instance for listing all tables
2023-02-09 12:30:23,589 INFO src: Creating client instance for listing all tables
2023-02-09 12:30:25,005 INFO src: Creating client instance for listing all tables
2023-02-09 12:30:32,526 INFO src: Creating client instance for listing all tables
2023-02-09 12:30:33,814 INFO src: Creating client instance for listing all tables
2023-02-09 12:31:16,108 INFO src: Creating client instance for listing all tables
2023-02-09 12:31:49,460 INFO src: Creating client instance for listing all tables
2023-02-09 12:31:52,244 INFO src: Creating client instance for listing all tables
2023-02-09 12:31:53,477 INFO src: Creating client instance for listing all tables
2023-02-09 12:31:56,197 INFO src: Creating client instance for listing all tables
2023-02-09 12:32:06,708 INFO src: Creating client instance for listing all tables
2023-02-09 12:35:42,045 INFO src: Creating client instance for listing all tables
2023-02-09 12:35:57,895 INFO src: Creating client instance for listing all tables
2023-02-09 12:35:59,797 INFO src: Creating client instance for listing all tables
2023-02-09 12:36:04,608 INFO src: Creating client instance for updating PITR
2023-02-09 12:36:04,614 INFO src: Checking if PITR is enable or not
2023-02-09 12:36:38,513 INFO src: Creating client instance for listing all tables
2023-02-09 12:36:42,363 INFO src: Creating client instance for updating PITR
2023-02-09 12:36:42,367 INFO src: Checking if PITR is enable or not
2023-02-09 12:36:53,254 INFO src: Creating client instance for listing all tables
2023-02-09 12:36:54,886 INFO src: Creating client instance for listing all tables
2023-02-09 12:37:00,534 INFO src: Creating client instance for updating PITR
2023-02-09 12:37:00,548 INFO src: Checking if PITR is enable or not
2023-02-09 12:48:45,144 INFO src: Creating client instance for updating PITR
2023-02-09 12:48:45,152 INFO src: Checking if PITR is enable or not
2023-02-09 12:50:44,222 INFO src: Creating client instance for listing all tables
2023-02-09 12:50:46,860 INFO src: Creating client instance for listing all tables
2023-02-09 12:51:27,691 INFO src: Creating client instance for listing all tables
2023-02-09 12:51:28,731 INFO src: Creating client instance for listing all tables
2023-02-09 12:52:17,778 INFO src: Creating client instance for listing all tables
2023-02-09 12:52:22,697 INFO src: Creating client instance for listing all tables
2023-02-09 12:52:31,880 INFO src: Creating client instance for updating PITR
2023-02-09 12:52:31,891 INFO src: Checking if PITR is enable or not
2023-02-09 12:52:40,134 INFO src: Creating client instance for listing all tables
2023-02-09 12:52:41,174 INFO src: Creating client instance for listing all tables
2023-02-09 12:52:52,001 INFO src: Creating client instance for updating PITR
2023-02-09 12:52:52,006 INFO src: Checking if PITR is enable or not
2023-02-09 12:53:16,173 INFO src: Creating client instance for listing all tables
2023-02-09 12:53:18,527 INFO src: Creating client instance for updating PITR
2023-02-09 12:53:18,541 INFO src: Checking if PITR is enable or not
2023-02-09 12:53:31,969 INFO src: Creating client instance for listing all tables
2023-02-09 12:53:33,252 INFO src: Creating client instance for listing all tables
2023-02-09 12:53:42,679 INFO src: Creating client instance for listing all tables
2023-02-09 12:54:12,496 INFO src: Creating client instance for listing all tables
2023-02-09 12:54:14,580 INFO src: Creating client instance for listing all tables
2023-02-09 12:54:34,066 INFO src: Creating client instance for listing all tables
2023-02-09 12:54:35,157 INFO src: Creating client instance for listing all tables
2023-02-09 12:55:01,189 INFO src: Creating client instance for listing all tables
2023-02-09 12:55:04,922 INFO src: Creating client instance for listing all tables
2023-02-09 12:55:07,244 INFO src: Creating client instance for listing all tables
2023-02-09 12:55:13,854 INFO src: Creating client instance for listing all tables
2023-02-09 12:55:17,751 INFO src: Creating client instance for listing all tables
2023-02-09 12:55:21,444 INFO src: Creating client instance for listing all tables
2023-02-09 12:55:35,259 INFO src: Creating client instance for listing all tables
2023-02-09 14:20:55,100 INFO src: Creating client instance for listing all tables
2023-02-09 14:20:57,163 INFO src: Creating client instance for listing all tables
2023-02-09 14:21:01,546 INFO src: Creating client instance for listing all tables
2023-02-09 14:21:03,132 INFO src: Creating client instance for listing all tables
2023-02-09 14:21:04,463 INFO src: Creating client instance for listing all tables
2023-02-09 14:21:05,613 INFO src: Creating client instance for listing all tables
2023-02-09 14:21:27,323 INFO src: Creating client instance for listing all tables
2023-02-09 14:21:32,817 INFO src: Creating client instance for listing all tables
2023-02-09 14:25:10,239 INFO src: Creating client instance for listing all tables
2023-02-09 14:25:11,574 INFO src: Creating client instance for listing all tables
2023-02-09 14:25:13,013 INFO src: Creating client instance for listing all tables
2023-02-09 14:25:14,215 INFO src: Creating client instance for listing all tables
2023-02-09 14:25:16,272 INFO src: Creating client instance for listing all tables
2023-02-09 14:25:17,835 INFO src: Creating client instance for listing all tables
2023-02-09 14:25:19,452 INFO src: Creating client instance for listing all tables
2023-02-09 14:25:20,796 INFO src: Creating client instance for listing all tables
2023-02-09 14:25:22,088 INFO src: Creating client instance for listing all tables
2023-02-09 14:25:23,460 INFO src: Creating client instance for listing all tables
2023-02-09 14:25:24,687 INFO src: Creating client instance for listing all tables
2023-02-09 14:25:26,326 INFO src: Creating client instance for listing all tables
2023-02-09 14:26:13,284 INFO src: Creating client instance for listing all tables
2023-02-09 14:26:14,663 INFO src: Creating client instance for listing all tables
2023-02-09 14:26:15,894 INFO src: Creating client instance for listing all tables
2023-02-09 14:26:17,123 INFO src: Creating client instance for listing all tables
2023-02-09 14:26:18,435 INFO src: Creating client instance for listing all tables
2023-02-09 14:26:19,784 INFO src: Creating client instance for listing all tables
2023-02-09 14:26:33,467 INFO src: Creating client instance for listing all tables
2023-02-09 14:26:34,939 INFO src: Creating client instance for listing all tables
2023-02-09 14:26:36,303 INFO src: Creating client instance for listing all tables
2023-02-09 14:26:37,522 INFO src: Creating client instance for listing all tables
2023-02-09 14:26:39,212 INFO src: Creating client instance for listing all tables
2023-02-09 14:26:40,685 INFO src: Creating client instance for listing all tables
2023-02-09 14:26:42,700 INFO src: Creating client instance for listing all tables
2023-02-09 14:26:44,350 INFO src: Creating client instance for listing all tables
2023-02-09 14:26:46,541 INFO src: Creating client instance for listing all tables
2023-02-09 14:26:47,926 INFO src: Creating client instance for listing all tables
2023-02-09 14:27:14,844 INFO src: Creating client instance for listing all tables
2023-02-09 14:27:16,479 INFO src: Creating client instance for listing all tables
2023-02-09 14:27:36,472 INFO src: Creating client instance for listing all tables
2023-02-09 14:27:38,811 INFO src: Creating client instance for listing all tables
2023-02-09 14:27:40,483 INFO src: Creating client instance for listing all tables
2023-02-09 14:27:48,048 INFO src: Creating client instance for listing all tables
2023-02-09 14:28:26,489 INFO src: Creating client instance for listing all tables
2023-02-09 14:28:35,960 INFO src: Creating client instance for listing all tables
2023-02-09 14:28:38,539 INFO src: Creating client instance for listing all tables
2023-02-09 14:28:54,545 INFO src: Creating client instance for listing all tables
2023-02-09 14:29:05,666 INFO src: Creating client instance for listing all tables
2023-02-09 14:29:07,703 INFO src: Creating client instance for listing all tables
2023-02-09 14:29:10,636 INFO src: Creating client instance for listing all tables
2023-02-09 14:29:33,107 INFO src: Creating client instance for listing all tables
2023-02-09 14:29:35,369 INFO src: Creating client instance for listing all tables
2023-02-09 14:29:52,416 INFO src: Creating client instance for listing all tables
2023-02-09 14:29:54,630 INFO src: Creating client instance for listing all tables
2023-02-09 14:30:23,033 INFO src: Creating client instance for listing all tables
2023-02-09 14:30:26,079 INFO src: Creating client instance for listing all tables
2023-02-09 14:30:28,197 INFO src: Creating client instance for listing all tables
2023-02-09 14:30:29,618 INFO src: Creating client instance for listing all tables
2023-02-09 14:30:30,942 INFO src: Creating client instance for listing all tables
2023-02-09 14:30:32,658 INFO src: Creating client instance for listing all tables
2023-02-09 14:30:57,430 INFO src: Creating client instance for listing all tables
2023-02-09 14:31:00,539 INFO src: Creating client instance for listing all tables
2023-02-09 14:31:01,966 INFO src: Creating client instance for listing all tables
2023-02-09 14:31:29,628 INFO src: Creating client instance for listing all tables
2023-02-09 14:31:30,838 INFO src: Creating client instance for listing all tables
2023-02-09 14:31:32,274 INFO src: Creating client instance for listing all tables
2023-02-09 14:31:45,759 INFO src: Creating client instance for listing all tables
2023-02-09 14:31:47,365 INFO src: Creating client instance for listing all tables
2023-02-09 14:31:54,253 INFO src: Creating client instance for listing all tables
2023-02-09 14:31:57,190 INFO src: Creating client instance for listing all tables
2023-02-09 14:31:59,643 INFO src: Creating client instance for listing all tables
2023-02-09 14:32:03,099 INFO src: Creating client instance for listing all tables
2023-02-09 14:32:04,629 INFO src: Creating client instance for listing all tables
2023-02-09 14:32:13,540 INFO src: Creating client instance for listing all tables
2023-02-09 14:32:24,372 INFO src: Creating client instance for listing all tables
2023-02-09 14:32:25,988 INFO src: Creating client instance for listing all tables
2023-02-09 14:32:28,900 INFO src: Creating client instance for listing all tables
2023-02-09 14:32:30,692 INFO src: Creating client instance for listing all tables
2023-02-09 14:32:33,408 INFO src: Creating client instance for listing all tables
2023-02-09 14:32:38,018 INFO src: Creating client instance for listing all tables
2023-02-09 14:32:39,780 INFO src: Creating client instance for listing all tables
2023-02-09 14:32:42,739 INFO src: Creating client instance for listing all tables
2023-02-09 14:32:45,606 INFO src: Creating client instance for listing all tables
2023-02-09 14:32:50,400 INFO src: Creating client instance for listing all tables
2023-02-09 14:32:52,516 INFO src: Creating client instance for listing all tables
2023-02-09 14:32:55,424 INFO src: Creating client instance for listing all tables
2023-02-09 14:33:04,204 INFO src: Creating client instance for listing all tables
2023-02-09 14:33:05,622 INFO src: Creating client instance for listing all tables
2023-02-09 14:33:12,012 INFO src: Creating client instance for listing all tables
2023-02-09 14:33:13,014 INFO src: Creating client instance for listing all tables
2023-02-09 14:33:18,655 INFO src: Creating client instance for exporting to s3
2023-02-09 14:34:10,022 INFO src: Creating client instance for listing all tables
2023-02-09 14:34:11,440 INFO src: Creating client instance for listing all tables
2023-02-09 14:34:18,597 INFO src: Creating client instance for listing all tables
2023-02-09 14:34:39,714 INFO src: Creating client instance for listing all tables
2023-02-09 14:34:41,042 INFO src: Creating client instance for listing all tables
2023-02-09 14:34:42,359 INFO src: Creating client instance for listing all tables
2023-02-09 14:34:43,716 INFO src: Creating client instance for listing all tables
2023-02-09 14:34:46,686 INFO src: Creating client instance for listing all tables
2023-02-09 14:34:47,992 INFO src: Creating client instance for listing all tables
2023-02-09 14:34:49,735 INFO src: Creating client instance for listing all tables
2023-02-09 14:34:50,955 INFO src: Creating client instance for listing all tables
2023-02-09 14:36:24,150 INFO src: Creating client instance for listing all tables
2023-02-09 14:37:01,023 INFO src: Creating client instance for listing all tables
2023-02-09 14:37:02,764 INFO src: Creating client instance for listing all tables
2023-02-09 14:37:12,476 INFO src: Creating client instance for listing all tables
2023-02-09 14:37:14,797 INFO src: Creating client instance for listing all tables
2023-02-09 14:37:46,015 INFO src: Creating client instance for listing all tables
2023-02-09 14:37:48,426 INFO src: Creating client instance for listing all tables
2023-02-09 14:38:01,202 INFO src: Creating client instance for listing all tables
2023-02-09 14:38:04,524 INFO src: Creating client instance for listing all tables
2023-02-09 14:38:06,725 INFO src: Creating client instance for listing all tables
2023-02-09 14:38:34,236 INFO src: Creating client instance for listing all tables
2023-02-09 14:38:35,566 INFO src: Creating client instance for listing all tables
2023-02-09 14:39:04,876 INFO src: Creating client instance for listing all tables
2023-02-09 14:39:24,020 INFO src: Creating client instance for listing all tables
2023-02-09 14:39:29,644 INFO src: Creating client instance for listing all tables
2023-02-09 14:39:35,756 INFO src: Creating client instance for listing all tables
2023-02-09 14:39:45,519 INFO src: Creating client instance for listing all tables
2023-02-09 14:39:50,556 INFO src: Creating client instance for listing all tables
2023-02-09 14:40:10,989 INFO src: Creating client instance for listing all tables
2023-02-09 14:40:13,788 INFO src: Creating client instance for listing all tables
2023-02-09 14:40:17,318 INFO src: Creating client instance for listing all tables
2023-02-09 14:40:20,038 INFO src: Creating client instance for listing all tables
2023-02-09 14:40:32,209 INFO src: Creating client instance for exporting to s3
2023-02-09 14:42:35,254 INFO src: Creating client instance for listing all tables
2023-02-09 14:42:36,543 INFO src: Creating client instance for listing all tables
2023-02-09 14:42:51,385 INFO src: Creating client instance for exporting to s3
2023-02-09 14:43:01,895 INFO src: Creating client instance for listing all tables
2023-02-09 14:43:09,494 INFO src: Creating client instance for listing all tables
2023-02-09 14:43:37,322 INFO src: Creating client instance for listing all tables
2023-02-09 14:43:38,529 INFO src: Creating client instance for listing all tables
2023-02-09 14:43:55,893 INFO src: Creating client instance for listing all tables
2023-02-09 14:43:57,767 INFO src: Creating client instance for listing all tables
2023-02-09 14:44:00,037 INFO src: Creating client instance for listing all tables
2023-02-09 14:44:02,961 INFO src: Creating client instance for listing all tables
2023-02-09 14:44:08,110 INFO src: Creating client instance for listing all tables
2023-02-09 14:44:09,749 INFO src: Creating client instance for listing all tables
2023-02-09 14:44:13,333 INFO src: Creating client instance for listing all tables
2023-02-09 14:44:38,397 INFO src: Creating client instance for listing all tables
2023-02-09 14:44:45,711 INFO src: Creating client instance for listing all tables
2023-02-09 14:48:54,665 INFO src: Creating client instance for listing all tables
2023-02-09 14:59:00,423 INFO src: Creating client instance for listing all tables
2023-02-09 14:59:01,732 INFO src: Creating client instance for listing all tables
2023-02-09 14:59:09,114 INFO src: Creating client instance for listing all tables
2023-02-09 14:59:21,053 INFO src: Creating client instance for listing all tables
2023-02-09 14:59:32,267 INFO src: Creating client instance for listing all tables
2023-02-09 14:59:34,170 INFO src: Creating client instance for listing all tables
2023-02-09 15:01:09,264 INFO src: Creating client instance for listing all tables
2023-02-09 15:01:18,318 INFO src: Creating client instance for listing all tables
2023-02-09 15:01:30,895 INFO src: Creating client instance for listing all tables
2023-02-09 15:01:32,393 INFO src: Creating client instance for listing all tables
2023-02-09 15:01:40,322 INFO src: Creating client instance for exporting to s3
2023-02-09 15:02:34,275 INFO src: Creating client instance for listing all tables
2023-02-09 15:02:36,127 INFO src: Creating client instance for listing all tables
2023-02-09 15:02:38,275 INFO src: Creating client instance for listing all tables
2023-02-09 15:03:15,116 INFO src: Creating client instance for listing all tables
2023-02-09 15:03:16,790 INFO src: Creating client instance for listing all tables
2023-02-09 15:03:20,884 INFO src: Creating client instance for listing all tables
2023-02-09 15:05:05,614 INFO src: Creating client instance for listing all tables
2023-02-09 15:05:11,031 INFO src: Creating client instance for listing all tables
2023-02-09 15:05:22,852 INFO src: Creating client instance for exporting to s3
2023-02-09 15:05:37,455 INFO src: Creating client instance for listing all tables
2023-02-09 15:05:40,211 INFO src: Creating client instance for listing all tables
2023-02-09 15:05:45,352 INFO src: Creating client instance for exporting to s3
2023-02-09 15:07:09,052 INFO src: Creating client instance for listing all tables
2023-02-09 15:07:16,859 INFO src: Creating client instance for exporting to s3
2023-02-09 15:07:33,854 INFO src: Creating client instance for exporting to s3
2023-02-09 15:08:37,046 INFO src: Creating client instance for listing all tables
2023-02-09 15:08:43,329 INFO src: Creating client instance for exporting to s3
2023-02-09 15:09:02,882 INFO src: Creating client instance for listing all tables
2023-02-09 15:09:08,880 INFO src: Creating client instance for exporting to s3
2023-02-09 15:09:47,039 INFO src: Creating client instance for listing all tables
2023-02-09 15:09:55,046 INFO src: Creating client instance for exporting to s3
2023-02-09 15:10:05,838 INFO src: Creating client instance for exporting to s3
2023-02-09 15:10:18,714 INFO src: Creating client instance for listing all tables
2023-02-09 15:10:21,546 INFO src: Creating client instance for listing all tables
2023-02-09 15:10:27,211 INFO src: Creating client instance for exporting to s3
2023-02-09 15:10:33,490 INFO src: Creating client instance for listing all tables
2023-02-09 15:10:38,657 INFO src: Creating client instance for exporting to s3
2023-02-09 15:23:42,607 INFO src: Creating client instance for listing all exported files
2023-02-09 15:26:23,943 INFO src: Creating client instance for listing all exported files
2023-02-09 15:27:50,599 INFO src: Creating client instance for listing all exported files
2023-02-09 15:27:55,306 INFO src: Creating client instance for listing all exported files
2023-02-09 15:28:02,690 INFO src: Creating client instance for listing all exported files
2023-02-09 15:28:07,386 INFO src: Creating client instance for listing all exported files
2023-02-09 15:28:07,397 INFO src: Creating client instance for listing all exported files
2023-02-09 15:28:12,438 INFO src: Creating client instance for listing all exported files
2023-02-09 15:28:15,570 INFO src: Creating client instance for listing all exported files
2023-02-09 15:28:18,525 INFO src: Creating client instance for listing all exported files
2023-02-09 15:28:27,463 INFO src: Creating client instance for listing all exported files
2023-02-09 15:28:50,078 INFO src: Creating client instance for listing all exported files
2023-02-09 15:28:52,844 INFO src: Creating client instance for listing all exported files
2023-02-09 15:28:55,945 INFO src: Creating client instance for listing all exported files
2023-02-09 15:28:57,540 INFO src: Creating client instance for listing all exported files
2023-02-09 15:29:06,790 INFO src: Creating client instance for listing all exported files
2023-02-09 15:29:08,943 INFO src: Creating client instance for listing all exported files
2023-02-09 15:29:11,533 INFO src: Creating client instance for listing all exported files
2023-02-09 15:31:34,104 INFO src: Creating client instance for listing all exported files
2023-02-09 15:31:35,991 INFO src: Creating client instance for listing all exported files
2023-02-09 15:31:45,096 INFO src: Creating client instance for listing all exported files
2023-02-09 15:31:45,097 INFO src: Creating client instance for listing all exported files
2023-02-09 15:32:44,804 INFO src: Creating client instance for listing all exported files
2023-02-09 15:32:44,809 INFO src: Creating client instance for listing all exported files
2023-02-09 15:34:07,600 INFO src: Creating client instance for listing all exported files
2023-02-09 15:34:07,607 INFO src: Creating client instance for listing all exported files
2023-02-09 15:36:45,702 INFO src: Creating client instance for listing all tables
2023-02-09 15:36:46,894 INFO src: Creating client instance for listing all tables
2023-02-09 15:36:48,488 INFO src: Creating client instance for listing all tables
2023-02-09 15:36:49,493 INFO src: Creating client instance for listing all exported files
2023-02-09 15:36:49,500 INFO src: Creating client instance for listing all exported files
2023-02-09 15:36:49,538 INFO src: Creating client instance for listing all tables
2023-02-09 15:36:57,392 INFO src: Creating client instance for listing all tables
2023-02-09 15:36:58,707 INFO src: Creating client instance for listing all tables
2023-02-09 15:42:15,928 INFO src: Creating client instance for listing all exported files
2023-02-09 15:42:15,962 INFO src: Creating client instance for listing all exported files
2023-02-09 15:42:37,519 INFO src: Creating client instance for listing all exported files
2023-02-09 15:42:39,908 INFO src: Creating client instance for listing all exported files
2023-02-09 15:42:42,247 INFO src: Creating client instance for listing all exported files
2023-02-09 15:42:44,968 INFO src: Creating client instance for listing all exported files
2023-02-09 15:42:49,681 INFO src: Creating client instance for listing all tables
2023-02-09 15:42:50,787 INFO src: Creating client instance for listing all tables
2023-02-09 15:42:51,565 INFO src: Creating client instance for listing all exported files
2023-02-09 15:42:51,578 INFO src: Creating client instance for listing all exported files
2023-02-09 15:42:59,499 INFO src: Creating client instance for listing all exported files
2023-02-09 15:43:05,379 INFO src: Creating client instance for listing all tables
2023-02-09 15:43:06,434 INFO src: Creating client instance for listing all tables
2023-02-09 15:43:09,320 INFO src: Creating client instance for listing all exported files
2023-02-09 15:43:09,344 INFO src: Creating client instance for listing all exported files
2023-02-09 15:43:32,407 INFO src: Creating client instance for listing all exported files
2023-02-09 15:43:43,835 INFO src: Creating client instance for listing all exported files
2023-02-09 15:43:46,557 INFO src: Creating client instance for listing all exported files
2023-02-09 15:44:27,362 INFO src: Creating client instance for listing all tables
2023-02-09 15:44:28,798 INFO src: Creating client instance for listing all tables
2023-02-09 15:45:11,219 INFO src: Creating client instance for listing all exported files
2023-02-09 15:45:11,229 INFO src: Creating client instance for listing all exported files
2023-02-09 15:45:32,401 INFO src: Creating client instance for listing all tables
2023-02-09 15:45:33,478 INFO src: Creating client instance for listing all tables
2023-02-09 15:45:54,583 INFO src: Creating client instance for exporting to s3
2023-02-09 15:46:08,241 INFO src: Creating client instance for listing all tables
2023-02-09 15:46:09,249 INFO src: Creating client instance for listing all tables
2023-02-09 15:46:19,893 INFO src: Creating client instance for updating PITR
2023-02-09 15:46:19,902 INFO src: Checking if PITR is enable or not
2023-02-09 15:46:20,943 INFO src: Sending request to enable PITR
2023-02-09 15:46:21,227 INFO src: Sending successful response after enabling the PITR
2023-02-09 15:46:33,894 INFO src: Creating client instance for updating PITR
2023-02-09 15:46:33,907 INFO src: Checking if PITR is enable or not
2023-02-13 11:04:33,279 INFO src: Creating client instance for listing all tables
2023-02-13 11:04:34,674 INFO src: Creating client instance for listing all tables
2023-02-13 11:04:55,159 INFO src: Creating client instance for listing all exported files
2023-02-13 11:04:55,165 INFO src: Creating client instance for listing all exported files
2023-02-13 11:05:09,505 INFO src: Creating client instance for listing all tables
2023-02-13 11:05:10,725 INFO src: Creating client instance for listing all tables
2023-02-13 11:05:12,323 INFO src: Creating client instance for listing all exported files
2023-02-13 11:05:12,339 INFO src: Creating client instance for listing all exported files
2023-02-13 11:06:27,872 INFO src: Creating client instance for listing all tables
2023-02-13 11:06:33,210 INFO src: Creating client instance for listing all exported files
2023-02-13 11:06:33,211 INFO src: Creating client instance for listing all exported files
2023-02-13 11:06:34,172 INFO src: Creating client instance for listing all tables
2023-02-13 11:06:59,116 INFO src: Creating client instance for listing all tables
2023-02-13 11:07:00,407 INFO src: Creating client instance for listing all exported files
2023-02-13 11:07:00,408 INFO src: Creating client instance for listing all exported files
2023-02-13 11:07:02,664 INFO src: Creating client instance for listing all tables
2023-02-13 11:07:15,924 INFO src: Creating client instance for listing all tables
2023-02-13 11:07:17,080 INFO src: Creating client instance for listing all tables
2023-02-13 11:07:17,599 INFO src: Creating client instance for listing all exported files
2023-02-13 11:07:17,620 INFO src: Creating client instance for listing all exported files
2023-02-13 11:08:24,594 INFO src: Creating client instance for listing all tables
2023-02-13 11:08:26,202 INFO src: Creating client instance for listing all tables
2023-02-13 11:08:26,895 INFO src: Creating client instance for listing all exported files
2023-02-13 11:08:26,914 INFO src: Creating client instance for listing all exported files
2023-02-13 11:09:03,862 INFO src: Creating client instance for listing all tables
2023-02-13 11:09:05,009 INFO src: Creating client instance for listing all tables
2023-02-13 11:09:05,391 INFO src: Creating client instance for listing all exported files
2023-02-13 11:09:05,410 INFO src: Creating client instance for listing all exported files
2023-02-13 11:09:26,871 INFO src: Creating client instance for listing all tables
2023-02-13 11:09:28,155 INFO src: Creating client instance for listing all tables
2023-02-13 11:09:28,244 INFO src: Creating client instance for listing all exported files
2023-02-13 11:09:28,261 INFO src: Creating client instance for listing all exported files
2023-02-13 11:09:44,535 INFO src: Creating client instance for listing all tables
2023-02-13 11:09:45,556 INFO src: Creating client instance for listing all tables
2023-02-13 11:09:46,574 INFO src: Creating client instance for listing all exported files
2023-02-13 11:09:46,587 INFO src: Creating client instance for listing all exported files
2023-02-13 11:10:22,127 INFO src: Creating client instance for listing all tables
2023-02-13 11:10:23,313 INFO src: Creating client instance for listing all exported files
2023-02-13 11:10:23,314 INFO src: Creating client instance for listing all exported files
2023-02-13 11:10:23,351 INFO src: Creating client instance for listing all tables
2023-02-13 11:10:29,095 INFO src: Creating client instance for listing all tables
2023-02-13 11:10:30,051 INFO src: Creating client instance for listing all exported files
2023-02-13 11:10:30,064 INFO src: Creating client instance for listing all exported files
2023-02-13 11:10:30,093 INFO src: Creating client instance for listing all tables
2023-02-13 11:10:57,126 INFO src: Creating client instance for listing all exported files
2023-02-13 11:11:04,058 INFO src: Creating client instance for listing all exported files
2023-02-13 11:11:06,403 INFO src: Creating client instance for listing all tables
2023-02-13 11:11:07,301 INFO src: Creating client instance for listing all tables
2023-02-13 11:11:07,690 INFO src: Creating client instance for listing all exported files
2023-02-13 11:11:07,707 INFO src: Creating client instance for listing all exported files
2023-02-13 11:11:50,750 INFO src: Creating client instance for listing all tables
2023-02-13 11:11:51,925 INFO src: Creating client instance for listing all tables
2023-02-13 11:11:52,409 INFO src: Creating client instance for listing all exported files
2023-02-13 11:11:52,416 INFO src: Creating client instance for listing all exported files
2023-02-13 11:12:07,149 INFO src: Creating client instance for listing all tables
2023-02-13 11:12:08,212 INFO src: Creating client instance for listing all tables
2023-02-13 11:12:08,859 INFO src: Creating client instance for listing all exported files
2023-02-13 11:12:08,874 INFO src: Creating client instance for listing all exported files
2023-02-13 11:12:31,680 INFO src: Creating client instance for listing all exported files
2023-02-13 11:12:39,684 INFO src: Creating client instance for listing all exported files
2023-02-13 11:13:31,355 INFO src: Creating client instance for listing all exported files
2023-02-13 11:15:49,754 INFO src: Creating client instance for listing all exported files
2023-02-13 11:15:50,988 INFO src: Creating client instance for listing all exported files
2023-02-13 11:16:38,245 INFO src: Creating client instance for listing all tables
2023-02-13 11:16:39,214 INFO src: Creating client instance for listing all tables
2023-02-13 11:16:41,357 INFO src: Creating client instance for listing all tables
2023-02-13 11:16:42,844 INFO src: Creating client instance for listing all tables
2023-02-13 11:16:43,971 INFO src: Creating client instance for listing all tables
2023-02-13 11:16:44,564 INFO src: Creating client instance for listing all exported files
2023-02-13 11:16:44,570 INFO src: Creating client instance for listing all exported files
2023-02-13 11:16:45,612 INFO src: Creating client instance for listing all tables
2023-02-13 11:18:38,860 INFO src: Creating client instance for listing all exported files
2023-02-13 11:18:38,861 INFO src: Creating client instance for listing all exported files
2023-02-13 11:26:01,419 INFO src: Creating client instance for listing all exported files
2023-02-13 11:26:01,434 INFO src: Creating client instance for listing all exported files
2023-02-13 11:26:41,317 INFO src: Creating client instance for listing all exported files
2023-02-13 11:26:41,328 INFO src: Creating client instance for listing all exported files
2023-02-13 11:28:50,130 INFO src: Creating client instance for listing all exported files
2023-02-13 11:29:07,375 INFO src: Creating client instance for listing all exported files
2023-02-13 11:30:37,641 INFO src: Creating client instance for listing all exported files
2023-02-13 11:32:11,672 INFO src: Creating client instance for listing all exported files
2023-02-13 11:35:24,568 INFO src: Creating client instance for listing all exported files
2023-02-13 11:38:17,922 INFO src: Creating client instance for listing all exported files
2023-02-13 11:39:14,151 INFO src: Creating client instance for listing all exported files
2023-02-13 11:39:50,460 INFO src: Creating client instance for listing all exported files
2023-02-13 11:39:50,482 INFO src: Creating client instance for listing all exported files
2023-02-13 11:39:59,277 INFO src: Creating client instance for listing all exported files
2023-02-13 11:39:59,284 INFO src: Creating client instance for listing all exported files
2023-02-13 11:45:23,644 INFO src: Creating client instance for listing all tables
2023-02-13 11:45:24,861 INFO src: Creating client instance for listing all tables
2023-02-13 11:45:25,241 INFO src: Creating client instance for listing all exported files
2023-02-13 11:45:25,248 INFO src: Creating client instance for listing all exported files
2023-02-13 11:49:32,431 INFO src: Creating client instance for listing all exported files
2023-02-13 11:49:32,437 INFO src: Creating client instance for listing all exported files
2023-02-13 11:50:04,720 INFO src: Creating client instance for listing all tables
2023-02-13 11:50:05,936 INFO src: Creating client instance for listing all tables
2023-02-13 11:50:06,888 INFO src: Creating client instance for listing all exported files
2023-02-13 11:50:06,902 INFO src: Creating client instance for listing all exported files
2023-02-13 11:50:11,613 INFO src: Creating client instance for listing all tables
2023-02-13 11:50:12,894 INFO src: Creating client instance for listing all tables
2023-02-13 11:50:13,092 INFO src: Creating client instance for listing all exported files
2023-02-13 11:50:13,104 INFO src: Creating client instance for listing all exported files
2023-02-13 11:50:20,829 INFO src: Creating client instance for listing all tables
2023-02-13 11:50:22,014 INFO src: Creating client instance for listing all tables
2023-02-13 11:50:47,480 INFO src: Creating client instance for listing all tables
2023-02-13 11:51:04,230 INFO src: Creating client instance for listing all tables
2023-02-13 11:51:05,319 INFO src: Creating client instance for listing all tables
2023-02-13 11:51:06,455 INFO src: Creating client instance for listing all tables
2023-02-13 11:51:14,082 INFO src: Creating client instance for listing all tables
2023-02-13 11:51:16,438 INFO src: Creating client instance for listing all tables
2023-02-13 11:51:26,044 INFO src: Creating client instance for listing all tables
2023-02-13 11:54:22,444 INFO src: Creating client instance for listing all tables
2023-02-13 11:54:23,679 INFO src: Creating client instance for listing all tables
2023-02-13 11:54:30,336 INFO src: Creating client instance for listing all exported files
2023-02-13 11:54:30,350 INFO src: Creating client instance for listing all exported files
2023-02-13 11:54:34,418 INFO src: Creating client instance for listing all tables
2023-02-13 11:54:35,561 INFO src: Creating client instance for listing all tables
2023-02-13 11:54:39,690 INFO src: Creating client instance for listing all tables
2023-02-13 11:54:40,783 INFO src: Creating client instance for listing all tables
2023-02-13 11:56:27,490 INFO src: Creating client instance for updating PITR
2023-02-13 11:56:27,498 INFO src: Checking if PITR is enable or not
2023-02-13 11:56:35,375 INFO src: Creating client instance for updating PITR
2023-02-13 11:56:35,384 INFO src: Checking if PITR is enable or not
2023-02-13 11:56:36,887 INFO src: Sending request to enable PITR
2023-02-13 11:56:42,309 INFO src: Creating client instance for updating PITR
2023-02-13 11:56:42,370 INFO src: Checking if PITR is enable or not
2023-02-13 11:56:51,883 INFO src: Creating client instance for updating PITR
2023-02-13 11:56:51,901 INFO src: Checking if PITR is enable or not
2023-02-13 11:56:53,104 INFO src: Sending request to enable PITR
2023-02-13 11:57:14,411 INFO src: Creating client instance for updating PITR
2023-02-13 11:57:14,417 INFO src: Checking if PITR is enable or not
2023-02-13 11:57:23,799 INFO src: Creating client instance for updating PITR
2023-02-13 11:57:23,808 INFO src: Checking if PITR is enable or not
2023-02-13 11:57:24,955 INFO src: Sending request to enable PITR
2023-02-13 11:58:27,994 INFO src: Creating client instance for updating PITR
2023-02-13 11:58:27,997 INFO src: Checking if PITR is enable or not
2023-02-13 11:58:29,195 INFO src: Sending request to enable PITR
2023-02-13 12:00:16,403 INFO src: Creating client instance for updating PITR
2023-02-13 12:00:16,407 INFO src: Checking if PITR is enable or not
2023-02-13 12:00:21,826 INFO src: Creating client instance for updating PITR
2023-02-13 12:00:21,845 INFO src: Checking if PITR is enable or not
2023-02-13 12:00:22,887 INFO src: Sending request to enable PITR
2023-02-13 12:03:04,362 INFO src: Creating client instance for updating PITR
2023-02-13 12:03:04,386 INFO src: Checking if PITR is enable or not
2023-02-13 12:03:10,621 INFO src: Sending request to enable PITR
2023-02-13 12:08:10,694 INFO src: Creating client instance for updating PITR
2023-02-13 12:08:10,751 INFO src: Checking if PITR is enable or not
2023-02-13 12:08:20,337 INFO src: Creating client instance for updating PITR
2023-02-13 12:08:20,342 INFO src: Checking if PITR is enable or not
2023-02-13 12:08:21,514 INFO src: Sending request to enable PITR
2023-02-13 12:08:21,854 INFO src: Sending successful response after enabling the PITR
2023-02-13 12:08:41,637 INFO src: Creating client instance for updating PITR
2023-02-13 12:08:41,643 INFO src: Checking if PITR is enable or not
2023-02-13 12:08:42,814 INFO src: Sending request to enable PITR
2023-02-13 12:08:43,047 INFO src: Sending successful response after enabling the PITR
2023-02-13 12:08:53,229 INFO src: Creating client instance for updating PITR
2023-02-13 12:08:53,234 INFO src: Checking if PITR is enable or not
2023-02-13 12:08:55,204 INFO src: Sending request to enable PITR
2023-02-13 12:08:55,478 INFO src: Sending successful response after enabling the PITR
2023-02-13 12:09:06,035 INFO src: Creating client instance for updating PITR
2023-02-13 12:09:06,040 INFO src: Checking if PITR is enable or not
2023-02-13 12:09:07,231 INFO src: Sending request to enable PITR
2023-02-13 12:09:07,613 INFO src: Sending successful response after enabling the PITR
2023-02-13 12:13:45,160 INFO src: Creating client instance for updating PITR
2023-02-13 12:13:45,215 INFO src: Checking if PITR is enable or not
2023-02-13 12:13:46,333 INFO src: Sending request to enable PITR
2023-02-13 12:13:46,674 INFO src: Sending successful response after enabling the PITR
2023-02-13 12:13:55,783 INFO src: Creating client instance for listing all tables
2023-02-13 12:14:06,828 INFO src: Creating client instance for listing all tables
2023-02-13 12:14:08,463 INFO src: Creating client instance for listing all tables
2023-02-13 12:14:09,456 INFO src: Creating client instance for listing all tables
2023-02-13 12:14:23,584 INFO src: Creating client instance for listing all tables
2023-02-13 12:14:24,646 INFO src: Creating client instance for listing all tables
2023-02-13 12:14:25,339 INFO src: Creating client instance for listing all exported files
2023-02-13 12:14:25,349 INFO src: Creating client instance for listing all exported files
2023-02-13 12:15:11,469 INFO src: Creating client instance for updating PITR
2023-02-13 12:15:11,472 INFO src: Checking if PITR is enable or not
2023-02-13 12:17:08,443 INFO src: Creating client instance for listing all tables
2023-02-13 12:17:09,522 INFO src: Creating client instance for listing all tables
2023-02-13 12:17:15,858 INFO src: Creating client instance for listing all tables
2023-02-13 12:17:17,699 INFO src: Creating client instance for listing all tables
2023-02-13 12:17:28,135 INFO src: Creating client instance for updating PITR
2023-02-13 12:17:28,150 INFO src: Checking if PITR is enable or not
2023-02-13 12:17:34,432 INFO src: Creating client instance for updating PITR
2023-02-13 12:17:34,460 INFO src: Checking if PITR is enable or not
2023-02-13 12:17:35,612 INFO src: Sending request to enable PITR
2023-02-13 12:17:35,869 INFO src: Sending successful response after enabling the PITR
2023-02-13 12:23:00,187 INFO src: Creating client instance for updating PITR
2023-02-13 12:23:00,196 INFO src: Checking if PITR is enable or not
2023-02-13 12:23:03,574 INFO src: Creating client instance for updating PITR
2023-02-13 12:23:03,592 INFO src: Checking if PITR is enable or not
2023-02-13 12:35:09,711 INFO src: Creating client instance for exporting to s3
2023-02-13 12:35:24,805 INFO src: Creating client instance for updating PITR
2023-02-13 12:35:24,810 INFO src: Checking if PITR is enable or not
2023-02-13 12:35:26,021 INFO src: Sending request to enable PITR
2023-02-13 12:35:26,365 INFO src: Sending successful response after enabling the PITR
2023-02-13 12:35:32,376 INFO src: Creating client instance for exporting to s3
2023-02-13 12:36:18,875 INFO src: Creating client instance for exporting to s3
2023-02-13 12:43:01,654 INFO src: Creating client instance for updating PITR
2023-02-13 12:43:01,732 INFO src: Checking if PITR is enable or not
2023-02-13 12:47:43,114 INFO src: Creating client instance for exporting to s3
2023-02-13 13:04:19,433 INFO src: Creating client instance for exporting to s3
2023-02-13 13:04:45,596 INFO src: Creating client instance for updating PITR
2023-02-13 13:04:45,605 INFO src: Checking if PITR is enable or not
2023-02-13 13:04:46,751 INFO src: Sending request to enable PITR
2023-02-13 13:04:47,086 INFO src: Sending successful response after enabling the PITR
2023-02-13 13:04:54,661 INFO src: Creating client instance for exporting to s3
2023-02-13 13:08:34,899 INFO src: Creating client instance for exporting to s3
2023-02-13 13:09:18,200 INFO src: Creating client instance for exporting to s3
2023-02-13 13:09:33,683 INFO src: Creating client instance for updating PITR
2023-02-13 13:09:33,690 INFO src: Checking if PITR is enable or not
2023-02-13 13:09:35,336 INFO src: Sending request to enable PITR
2023-02-13 13:09:35,673 INFO src: Sending successful response after enabling the PITR
2023-02-13 13:09:40,548 INFO src: Creating client instance for exporting to s3
2023-02-13 13:09:57,721 INFO src: Creating client instance for exporting to s3
2023-02-13 13:12:10,695 INFO src: Creating client instance for listing all tables
2023-02-13 13:12:11,919 INFO src: Creating client instance for listing all tables
2023-02-13 13:12:25,321 INFO src: Creating client instance for listing all tables
2023-02-13 13:12:26,567 INFO src: Creating client instance for listing all tables
2023-02-13 13:13:17,282 INFO src: Creating client instance for listing all tables
2023-02-13 13:13:19,330 INFO src: Creating client instance for listing all tables
2023-02-13 13:13:23,505 INFO src: Creating client instance for listing all tables
2023-02-13 13:13:25,595 INFO src: Creating client instance for listing all tables
2023-02-13 13:13:32,416 INFO src: Creating client instance for listing all tables
2023-02-13 13:17:53,484 INFO src: Creating client instance for listing all tables
2023-02-13 13:18:11,221 INFO src: Creating client instance for listing all tables
2023-02-13 13:18:19,255 INFO src: Creating client instance for listing all tables
2023-02-13 13:18:23,020 INFO src: Creating client instance for listing all tables
2023-02-13 13:18:24,557 INFO src: Creating client instance for listing all tables
2023-02-13 13:18:27,596 INFO src: Creating client instance for listing all tables
2023-02-13 13:19:37,023 INFO src: Creating client instance for listing all tables
2023-02-13 13:19:59,685 INFO src: Creating client instance for exporting to s3
2023-02-13 13:20:10,937 INFO src: Creating client instance for exporting to s3
2023-02-13 13:20:53,242 INFO src: Creating client instance for listing all tables
2023-02-13 13:20:54,192 INFO src: Creating client instance for listing all tables
2023-02-13 13:21:01,365 INFO src: Creating client instance for exporting to s3
2023-02-13 13:21:42,858 INFO src: Creating client instance for listing all tables
2023-02-13 13:22:58,476 INFO src: Creating client instance for listing all tables
2023-02-13 13:23:03,678 INFO src: Creating client instance for listing all tables
2023-02-13 13:23:07,868 INFO src: Creating client instance for listing all tables
2023-02-13 13:23:10,771 INFO src: Creating client instance for listing all tables
2023-02-13 13:23:16,939 INFO src: Creating client instance for listing all tables
2023-02-13 13:23:18,167 INFO src: Creating client instance for listing all tables
2023-02-13 13:23:35,341 INFO src: Creating client instance for listing all tables
2023-02-13 13:23:55,510 INFO src: Creating client instance for listing all tables
2023-02-13 13:26:23,954 INFO src: Creating client instance for listing all tables
2023-02-13 13:26:25,978 INFO src: Creating client instance for listing all tables
2023-02-13 13:26:28,091 INFO src: Creating client instance for listing all exported files
2023-02-13 13:26:28,095 INFO src: Creating client instance for listing all exported files
2023-02-13 13:26:40,274 INFO src: Creating client instance for listing all tables
2023-02-13 13:26:41,542 INFO src: Creating client instance for listing all tables
2023-02-13 13:26:43,476 INFO src: Creating client instance for listing all tables
2023-02-13 13:26:44,718 INFO src: Creating client instance for listing all tables
2023-02-13 13:28:36,059 INFO src: Creating client instance for updating PITR
2023-02-13 13:28:36,065 INFO src: Checking if PITR is enable or not
2023-02-13 13:28:44,016 INFO src: Creating client instance for exporting to s3
2023-02-13 13:29:14,837 INFO src: Creating client instance for listing all exported files
2023-02-13 13:29:34,361 INFO src: Creating client instance for listing all tables
2023-02-13 14:30:37,167 INFO src: Creating client instance for listing all tables
2023-02-13 14:30:38,326 INFO src: Creating client instance for listing all tables
2023-02-13 14:30:50,620 INFO src: Creating client instance for listing all tables
2023-02-13 14:30:51,522 INFO src: Creating client instance for listing all tables
2023-02-13 14:31:20,982 INFO src: Creating client instance for listing all exported files
2023-02-13 14:31:20,989 INFO src: Creating client instance for listing all exported files
2023-02-13 14:31:43,557 INFO src: Creating client instance for listing all tables
2023-02-13 14:31:44,447 INFO src: Creating client instance for listing all tables
2023-02-13 14:31:46,310 INFO src: Creating client instance for listing all tables
2023-02-13 14:31:47,504 INFO src: Creating client instance for listing all tables
2023-02-13 15:08:51,943 INFO src: Creating client instance for listing all tables
2023-02-13 15:08:54,479 INFO src: Creating client instance for listing all tables
2023-02-13 15:11:08,663 INFO src: Creating client instance for listing all tables
2023-02-13 15:11:10,501 INFO src: Creating client instance for listing all tables
2023-02-13 15:11:17,785 INFO src: Creating client instance for listing all tables
2023-02-13 15:11:19,022 INFO src: Creating client instance for listing all tables
2023-02-13 15:11:26,332 INFO src: Creating client instance for listing all exported files
2023-02-13 15:11:26,372 INFO src: Creating client instance for listing all exported files
2023-02-13 15:11:38,769 INFO src: Creating client instance for listing all tables
2023-02-13 15:11:39,739 INFO src: Creating client instance for listing all tables
2023-02-13 15:11:49,050 INFO src: Creating client instance for exporting to s3
2023-02-13 15:13:01,783 INFO src: Creating client instance for listing all tables
2023-02-13 15:13:07,738 INFO src: Creating client instance for listing all tables
2023-02-13 15:13:13,448 INFO src: Creating client instance for listing all tables
2023-02-13 15:13:14,305 INFO src: Creating client instance for listing all tables
2023-02-13 15:13:22,228 INFO src: Creating client instance for updating PITR
2023-02-13 15:13:22,236 INFO src: Checking if PITR is enable or not
2023-02-13 15:13:23,175 INFO src: Sending request to enable PITR
2023-02-13 15:13:23,410 INFO src: Creating client instance for updating PITR
2023-02-13 15:13:23,417 INFO src: Checking if PITR is enable or not
2023-02-13 15:13:23,434 INFO src: Sending successful response after enabling the PITR
2023-02-13 15:13:29,458 INFO src: Creating client instance for updating PITR
2023-02-13 15:13:29,485 INFO src: Checking if PITR is enable or not
2023-02-13 15:13:30,384 INFO src: Sending request to enable PITR
2023-02-13 15:13:30,637 INFO src: Sending successful response after enabling the PITR
2023-02-13 15:13:41,979 INFO src: Creating client instance for updating PITR
2023-02-13 15:13:41,993 INFO src: Checking if PITR is enable or not
2023-02-13 15:13:42,883 INFO src: Sending request to enable PITR
2023-02-13 15:13:43,131 INFO src: Sending successful response after enabling the PITR
2023-02-13 15:18:28,071 INFO src: Creating client instance for listing all tables
2023-02-13 15:18:29,841 INFO src: Creating client instance for listing all tables
2023-02-13 15:18:30,673 INFO src: Creating client instance for listing all exported files
2023-02-13 15:18:30,691 INFO src: Creating client instance for listing all exported files
2023-02-13 15:28:28,933 INFO src: Creating client instance for listing all tables
2023-02-13 15:28:30,321 INFO src: Creating client instance for listing all tables
2023-02-13 15:28:35,323 INFO src: Creating client instance for listing all exported files
2023-02-13 15:28:35,330 INFO src: Creating client instance for listing all exported files
2023-02-13 15:28:43,684 INFO src: Creating client instance for listing all tables
2023-02-13 15:28:47,928 INFO src: Creating client instance for listing all tables
2023-02-13 15:29:08,245 INFO src: Creating client instance for listing all tables
2023-02-13 15:29:09,336 INFO src: Creating client instance for listing all tables
